<?xml version="1.0" encoding="UTF-8"?>
<coverage generated="1679227794025" clover="3.2.0">
  <project timestamp="1679227794025" name="All files">
    <metrics statements="221" coveredstatements="218" conditionals="74" coveredconditionals="68" methods="61" coveredmethods="61" elements="356" coveredelements="347" complexity="0" loc="221" ncloc="221" packages="1" files="5" classes="5"/>
    <file name="Obstacles.js" path="D:\Github\JavaScript\Mars Rover\Obstacles.js">
      <metrics statements="22" coveredstatements="22" conditionals="6" coveredconditionals="6" methods="5" coveredmethods="5"/>
      <line num="1" count="3" type="stmt"/>
      <line num="4" count="9" type="stmt"/>
      <line num="8" count="415" type="stmt"/>
      <line num="9" count="415" type="stmt"/>
      <line num="10" count="1227" type="cond" truecount="2" falsecount="0"/>
      <line num="11" count="10" type="stmt"/>
      <line num="12" count="10" type="stmt"/>
      <line num="15" count="415" type="stmt"/>
      <line num="19" count="1228" type="cond" truecount="2" falsecount="0"/>
      <line num="23" count="1228" type="cond" truecount="2" falsecount="0"/>
      <line num="24" count="10" type="stmt"/>
      <line num="26" count="1218" type="stmt"/>
      <line num="32" count="2" type="stmt"/>
      <line num="33" count="2" type="stmt"/>
      <line num="34" count="2" type="stmt"/>
      <line num="35" count="2" type="stmt"/>
      <line num="42" count="2" type="stmt"/>
      <line num="43" count="6" type="stmt"/>
      <line num="44" count="6" type="stmt"/>
      <line num="45" count="6" type="stmt"/>
      <line num="46" count="6" type="stmt"/>
      <line num="48" count="2" type="stmt"/>
    </file>
    <file name="Position.js" path="D:\Github\JavaScript\Mars Rover\Position.js">
      <metrics statements="31" coveredstatements="31" conditionals="2" coveredconditionals="2" methods="13" coveredmethods="13"/>
      <line num="1" count="4" type="stmt"/>
      <line num="3" count="26" type="stmt"/>
      <line num="4" count="26" type="stmt"/>
      <line num="5" count="26" type="stmt"/>
      <line num="6" count="26" type="stmt"/>
      <line num="7" count="26" type="stmt"/>
      <line num="8" count="26" type="stmt"/>
      <line num="9" count="26" type="stmt"/>
      <line num="10" count="26" type="stmt"/>
      <line num="13" count="43" type="stmt"/>
      <line num="16" count="26" type="stmt"/>
      <line num="17" count="13" type="stmt"/>
      <line num="19" count="26" type="stmt"/>
      <line num="20" count="3" type="stmt"/>
      <line num="22" count="26" type="stmt"/>
      <line num="23" count="40" type="stmt"/>
      <line num="25" count="26" type="stmt"/>
      <line num="26" count="2" type="stmt"/>
      <line num="30" count="74" type="stmt"/>
      <line num="31" count="74" type="stmt"/>
      <line num="34" count="7" type="stmt"/>
      <line num="35" count="7" type="stmt"/>
      <line num="38" count="10" type="stmt"/>
      <line num="39" count="10" type="cond" truecount="2" falsecount="0"/>
      <line num="40" count="2" type="stmt"/>
      <line num="42" count="10" type="stmt"/>
      <line num="45" count="8" type="stmt"/>
      <line num="46" count="8" type="stmt"/>
      <line num="49" count="50" type="stmt"/>
      <line num="50" count="50" type="stmt"/>
      <line num="53" count="58" type="stmt"/>
    </file>
    <file name="Rover.js" path="D:\Github\JavaScript\Mars Rover\Rover.js">
      <metrics statements="13" coveredstatements="13" conditionals="2" coveredconditionals="2" methods="7" coveredmethods="7"/>
      <line num="1" count="3" type="stmt"/>
      <line num="3" count="13" type="stmt"/>
      <line num="4" count="13" type="stmt"/>
      <line num="7" count="7" type="cond" truecount="2" falsecount="0"/>
      <line num="8" count="4" type="stmt"/>
      <line num="9" count="4" type="stmt"/>
      <line num="11" count="3" type="stmt"/>
      <line num="12" count="3" type="stmt"/>
      <line num="16" count="47" type="stmt"/>
      <line num="19" count="8" type="stmt"/>
      <line num="22" count="5" type="stmt"/>
      <line num="25" count="46" type="stmt"/>
      <line num="28" count="4" type="stmt"/>
    </file>
    <file name="RoverTrip.js" path="D:\Github\JavaScript\Mars Rover\RoverTrip.js">
      <metrics statements="34" coveredstatements="34" conditionals="12" coveredconditionals="12" methods="9" coveredmethods="9"/>
      <line num="1" count="2" type="stmt"/>
      <line num="3" count="7" type="stmt"/>
      <line num="4" count="7" type="stmt"/>
      <line num="5" count="7" type="stmt"/>
      <line num="6" count="7" type="stmt"/>
      <line num="10" count="7" type="stmt"/>
      <line num="11" count="45" type="stmt"/>
      <line num="12" count="45" type="stmt"/>
      <line num="13" count="45" type="cond" truecount="2" falsecount="0"/>
      <line num="14" count="1" type="stmt"/>
      <line num="16" count="44" type="stmt"/>
      <line num="19" count="7" type="stmt"/>
      <line num="20" count="3" type="stmt"/>
      <line num="21" count="3" type="stmt"/>
      <line num="22" count="3" type="cond" truecount="2" falsecount="0"/>
      <line num="23" count="1" type="stmt"/>
      <line num="25" count="2" type="stmt"/>
      <line num="28" count="7" type="stmt"/>
      <line num="29" count="7" type="stmt"/>
      <line num="31" count="7" type="stmt"/>
      <line num="32" count="4" type="stmt"/>
      <line num="37" count="62" type="cond" truecount="4" falsecount="0"/>
      <line num="41" count="60" type="stmt"/>
      <line num="42" count="60" type="cond" truecount="2" falsecount="0"/>
      <line num="43" count="59" type="stmt"/>
      <line num="44" count="59" type="stmt"/>
      <line num="47" count="1" type="stmt"/>
      <line num="48" count="1" type="stmt"/>
      <line num="53" count="5" type="stmt"/>
      <line num="54" count="5" type="stmt"/>
      <line num="55" count="57" type="cond" truecount="2" falsecount="0"/>
      <line num="56" count="55" type="stmt"/>
      <line num="58" count="2" type="stmt"/>
      <line num="61" count="5" type="stmt"/>
    </file>
    <file name="RoverTripV2.js" path="D:\Github\JavaScript\Mars Rover\RoverTripV2.js">
      <metrics statements="121" coveredstatements="118" conditionals="52" coveredconditionals="46" methods="27" coveredmethods="27"/>
      <line num="16" count="1" type="stmt"/>
      <line num="18" count="2" type="stmt"/>
      <line num="19" count="2" type="stmt"/>
      <line num="20" count="2" type="stmt"/>
      <line num="21" count="2" type="stmt"/>
      <line num="22" count="2" type="stmt"/>
      <line num="23" count="2" type="stmt"/>
      <line num="24" count="2" type="stmt"/>
      <line num="25" count="2" type="stmt"/>
      <line num="26" count="2" type="stmt"/>
      <line num="30" count="2" type="stmt"/>
      <line num="31" count="52" type="stmt"/>
      <line num="33" count="2" type="stmt"/>
      <line num="34" count="33" type="stmt"/>
      <line num="36" count="2" type="stmt"/>
      <line num="37" count="10" type="stmt"/>
      <line num="39" count="2" type="stmt"/>
      <line num="40" count="6" type="stmt"/>
      <line num="43" count="2" type="stmt"/>
      <line num="44" count="52" type="stmt"/>
      <line num="46" count="2" type="stmt"/>
      <line num="47" count="33" type="stmt"/>
      <line num="49" count="2" type="stmt"/>
      <line num="50" count="10" type="stmt"/>
      <line num="52" count="2" type="stmt"/>
      <line num="53" count="6" type="stmt"/>
      <line num="56" count="2" type="stmt"/>
      <line num="57" count="52" type="stmt"/>
      <line num="59" count="2" type="stmt"/>
      <line num="60" count="33" type="stmt"/>
      <line num="62" count="2" type="stmt"/>
      <line num="63" count="10" type="stmt"/>
      <line num="65" count="2" type="stmt"/>
      <line num="66" count="6" type="stmt"/>
      <line num="69" count="2" type="stmt"/>
      <line num="70" count="52" type="stmt"/>
      <line num="72" count="2" type="stmt"/>
      <line num="73" count="33" type="stmt"/>
      <line num="75" count="2" type="stmt"/>
      <line num="76" count="10" type="stmt"/>
      <line num="78" count="2" type="stmt"/>
      <line num="79" count="6" type="stmt"/>
      <line num="82" count="2" type="stmt"/>
      <line num="83" count="101" type="cond" truecount="2" falsecount="0"/>
      <line num="84" count="52" type="stmt"/>
      <line num="85" count="49" type="cond" truecount="2" falsecount="0"/>
      <line num="86" count="33" type="stmt"/>
      <line num="87" count="16" type="cond" truecount="2" falsecount="0"/>
      <line num="88" count="10" type="stmt"/>
      <line num="89" count="6" type="cond" truecount="1" falsecount="1"/>
      <line num="90" count="6" type="stmt"/>
      <line num="94" count="2" type="stmt"/>
      <line num="95" count="101" type="cond" truecount="2" falsecount="0"/>
      <line num="96" count="52" type="stmt"/>
      <line num="97" count="49" type="cond" truecount="2" falsecount="0"/>
      <line num="98" count="33" type="stmt"/>
      <line num="99" count="16" type="cond" truecount="2" falsecount="0"/>
      <line num="100" count="10" type="stmt"/>
      <line num="101" count="6" type="cond" truecount="1" falsecount="1"/>
      <line num="102" count="6" type="stmt"/>
      <line num="106" count="2" type="stmt"/>
      <line num="107" count="101" type="cond" truecount="2" falsecount="0"/>
      <line num="108" count="52" type="stmt"/>
      <line num="109" count="49" type="cond" truecount="2" falsecount="0"/>
      <line num="110" count="33" type="stmt"/>
      <line num="111" count="16" type="cond" truecount="2" falsecount="0"/>
      <line num="112" count="10" type="stmt"/>
      <line num="113" count="6" type="cond" truecount="1" falsecount="1"/>
      <line num="114" count="6" type="stmt"/>
      <line num="118" count="2" type="stmt"/>
      <line num="119" count="101" type="cond" truecount="2" falsecount="0"/>
      <line num="120" count="52" type="stmt"/>
      <line num="121" count="49" type="cond" truecount="2" falsecount="0"/>
      <line num="122" count="33" type="stmt"/>
      <line num="123" count="16" type="cond" truecount="2" falsecount="0"/>
      <line num="124" count="10" type="stmt"/>
      <line num="125" count="6" type="cond" truecount="1" falsecount="1"/>
      <line num="126" count="6" type="stmt"/>
      <line num="133" count="2" type="stmt"/>
      <line num="134" count="2" type="stmt"/>
      <line num="136" count="2" type="stmt"/>
      <line num="137" count="2" type="stmt"/>
      <line num="138" count="2" type="stmt"/>
      <line num="142" count="406" type="cond" truecount="6" falsecount="0"/>
      <line num="151" count="406" type="cond" truecount="2" falsecount="0"/>
      <line num="152" count="267" type="stmt"/>
      <line num="155" count="139" type="cond" truecount="4" falsecount="0"/>
      <line num="156" count="3" type="stmt"/>
      <line num="157" count="3" type="stmt"/>
      <line num="160" count="136" type="cond" truecount="4" falsecount="0"/>
      <line num="161" count="35" type="stmt"/>
      <line num="163" count="101" type="stmt"/>
      <line num="166" count="101" type="stmt"/>
      <line num="167" count="101" type="stmt"/>
      <line num="168" count="101" type="stmt"/>
      <line num="169" count="101" type="stmt"/>
      <line num="173" count="101" type="stmt"/>
      <line num="174" count="101" type="stmt"/>
      <line num="175" count="101" type="stmt"/>
      <line num="176" count="101" type="stmt"/>
      <line num="180" count="101" type="stmt"/>
      <line num="181" count="101" type="stmt"/>
      <line num="182" count="101" type="stmt"/>
      <line num="183" count="101" type="stmt"/>
      <line num="187" count="101" type="stmt"/>
      <line num="188" count="101" type="stmt"/>
      <line num="189" count="101" type="stmt"/>
      <line num="190" count="101" type="stmt"/>
      <line num="197" count="2" type="cond" truecount="1" falsecount="1"/>
      <line num="198" count="0" type="stmt"/>
      <line num="199" count="0" type="stmt"/>
      <line num="202" count="2" type="stmt"/>
      <line num="203" count="2" type="stmt"/>
      <line num="204" count="1" type="stmt"/>
      <line num="205" count="1" type="cond" truecount="1" falsecount="1"/>
      <line num="206" count="0" type="stmt"/>
      <line num="208" count="2" type="stmt"/>
      <line num="209" count="2" type="stmt"/>
      <line num="215" count="2" type="stmt"/>
      <line num="216" count="3" type="stmt"/>
      <line num="218" count="2" type="stmt"/>
    </file>
  </project>
</coverage>
