{"D:\\Github\\JavaScript\\Mars Rover\\Obstacles.js": {"path":"D:\\Github\\JavaScript\\Mars Rover\\Obstacles.js","statementMap":{"0":{"start":{"line":1,"column":0},"end":{"line":50,"column":1}},"1":{"start":{"line":4,"column":8},"end":{"line":4,"column":38}},"2":{"start":{"line":8,"column":20},"end":{"line":8,"column":25}},"3":{"start":{"line":9,"column":8},"end":{"line":14,"column":9}},"4":{"start":{"line":9,"column":21},"end":{"line":9,"column":22}},"5":{"start":{"line":10,"column":12},"end":{"line":13,"column":13}},"6":{"start":{"line":11,"column":16},"end":{"line":11,"column":29}},"7":{"start":{"line":12,"column":16},"end":{"line":12,"column":22}},"8":{"start":{"line":15,"column":8},"end":{"line":15,"column":21}},"9":{"start":{"line":19,"column":8},"end":{"line":19,"column":62}},"10":{"start":{"line":23,"column":8},"end":{"line":27,"column":9}},"11":{"start":{"line":24,"column":12},"end":{"line":24,"column":24}},"12":{"start":{"line":26,"column":12},"end":{"line":26,"column":25}},"13":{"start":{"line":32,"column":19},"end":{"line":32,"column":42}},"14":{"start":{"line":33,"column":19},"end":{"line":33,"column":42}},"15":{"start":{"line":34,"column":19},"end":{"line":34,"column":42}},"16":{"start":{"line":35,"column":19},"end":{"line":35,"column":42}},"17":{"start":{"line":42,"column":8},"end":{"line":47,"column":9}},"18":{"start":{"line":42,"column":21},"end":{"line":42,"column":22}},"19":{"start":{"line":43,"column":12},"end":{"line":43,"column":58}},"20":{"start":{"line":44,"column":12},"end":{"line":44,"column":58}},"21":{"start":{"line":45,"column":12},"end":{"line":45,"column":58}},"22":{"start":{"line":46,"column":12},"end":{"line":46,"column":58}},"23":{"start":{"line":48,"column":8},"end":{"line":48,"column":40}}},"fnMap":{"0":{"name":"(anonymous_0)","decl":{"start":{"line":3,"column":4},"end":{"line":3,"column":5}},"loc":{"start":{"line":3,"column":29},"end":{"line":5,"column":5}},"line":3},"1":{"name":"(anonymous_1)","decl":{"start":{"line":7,"column":4},"end":{"line":7,"column":5}},"loc":{"start":{"line":7,"column":44},"end":{"line":16,"column":5}},"line":7},"2":{"name":"(anonymous_2)","decl":{"start":{"line":18,"column":4},"end":{"line":18,"column":5}},"loc":{"start":{"line":18,"column":48},"end":{"line":20,"column":5}},"line":18},"3":{"name":"(anonymous_3)","decl":{"start":{"line":22,"column":4},"end":{"line":22,"column":5}},"loc":{"start":{"line":22,"column":21},"end":{"line":28,"column":5}},"line":22},"4":{"name":"(anonymous_4)","decl":{"start":{"line":31,"column":4},"end":{"line":31,"column":5}},"loc":{"start":{"line":31,"column":47},"end":{"line":49,"column":5}},"line":31}},"branchMap":{"0":{"loc":{"start":{"line":10,"column":12},"end":{"line":13,"column":13}},"type":"if","locations":[{"start":{"line":10,"column":12},"end":{"line":13,"column":13}},{"start":{},"end":{}}],"line":10},"1":{"loc":{"start":{"line":19,"column":26},"end":{"line":19,"column":60}},"type":"binary-expr","locations":[{"start":{"line":19,"column":26},"end":{"line":19,"column":41}},{"start":{"line":19,"column":45},"end":{"line":19,"column":60}}],"line":19},"2":{"loc":{"start":{"line":23,"column":8},"end":{"line":27,"column":9}},"type":"if","locations":[{"start":{"line":23,"column":8},"end":{"line":27,"column":9}},{"start":{"line":25,"column":15},"end":{"line":27,"column":9}}],"line":23}},"s":{"0":3,"1":9,"2":415,"3":415,"4":415,"5":1227,"6":10,"7":10,"8":415,"9":1228,"10":1228,"11":10,"12":1218,"13":2,"14":2,"15":2,"16":2,"17":2,"18":2,"19":6,"20":6,"21":6,"22":6,"23":2},"f":{"0":9,"1":415,"2":1228,"3":1228,"4":2},"b":{"0":[10,1217],"1":[1228,170],"2":[10,1218]},"_coverageSchema":"1a1c01bbd47fc00a2c39e90264f33305004495a9","hash":"e56822584ebe37f5f092110033461ccff985bec2"}
,"D:\\Github\\JavaScript\\Mars Rover\\Position.js": {"path":"D:\\Github\\JavaScript\\Mars Rover\\Position.js","statementMap":{"0":{"start":{"line":1,"column":0},"end":{"line":55,"column":1}},"1":{"start":{"line":3,"column":8},"end":{"line":3,"column":31}},"2":{"start":{"line":4,"column":8},"end":{"line":4,"column":56}},"3":{"start":{"line":5,"column":8},"end":{"line":5,"column":39}},"4":{"start":{"line":6,"column":8},"end":{"line":6,"column":30}},"5":{"start":{"line":7,"column":8},"end":{"line":7,"column":32}},"6":{"start":{"line":8,"column":8},"end":{"line":8,"column":25}},"7":{"start":{"line":9,"column":8},"end":{"line":9,"column":27}},"8":{"start":{"line":10,"column":8},"end":{"line":10,"column":44}},"9":{"start":{"line":13,"column":8},"end":{"line":13,"column":54}},"10":{"start":{"line":16,"column":8},"end":{"line":18,"column":11}},"11":{"start":{"line":17,"column":12},"end":{"line":17,"column":85}},"12":{"start":{"line":19,"column":8},"end":{"line":21,"column":11}},"13":{"start":{"line":20,"column":12},"end":{"line":20,"column":85}},"14":{"start":{"line":22,"column":8},"end":{"line":24,"column":11}},"15":{"start":{"line":23,"column":12},"end":{"line":23,"column":85}},"16":{"start":{"line":25,"column":8},"end":{"line":27,"column":11}},"17":{"start":{"line":26,"column":12},"end":{"line":26,"column":85}},"18":{"start":{"line":30,"column":8},"end":{"line":30,"column":22}},"19":{"start":{"line":31,"column":8},"end":{"line":31,"column":22}},"20":{"start":{"line":34,"column":8},"end":{"line":34,"column":54}},"21":{"start":{"line":35,"column":8},"end":{"line":35,"column":27}},"22":{"start":{"line":38,"column":8},"end":{"line":38,"column":54}},"23":{"start":{"line":39,"column":8},"end":{"line":41,"column":9}},"24":{"start":{"line":40,"column":12},"end":{"line":40,"column":52}},"25":{"start":{"line":42,"column":8},"end":{"line":42,"column":27}},"26":{"start":{"line":45,"column":8},"end":{"line":45,"column":33}},"27":{"start":{"line":46,"column":8},"end":{"line":46,"column":35}},"28":{"start":{"line":49,"column":8},"end":{"line":49,"column":32}},"29":{"start":{"line":50,"column":8},"end":{"line":50,"column":35}},"30":{"start":{"line":53,"column":8},"end":{"line":53,"column":47}}},"fnMap":{"0":{"name":"(anonymous_0)","decl":{"start":{"line":2,"column":4},"end":{"line":2,"column":5}},"loc":{"start":{"line":2,"column":41},"end":{"line":11,"column":5}},"line":2},"1":{"name":"(anonymous_1)","decl":{"start":{"line":12,"column":4},"end":{"line":12,"column":5}},"loc":{"start":{"line":12,"column":18},"end":{"line":14,"column":5}},"line":12},"2":{"name":"(anonymous_2)","decl":{"start":{"line":15,"column":4},"end":{"line":15,"column":5}},"loc":{"start":{"line":15,"column":36},"end":{"line":28,"column":5}},"line":15},"3":{"name":"(anonymous_3)","decl":{"start":{"line":16,"column":30},"end":{"line":16,"column":31}},"loc":{"start":{"line":16,"column":36},"end":{"line":18,"column":9}},"line":16},"4":{"name":"(anonymous_4)","decl":{"start":{"line":19,"column":30},"end":{"line":19,"column":31}},"loc":{"start":{"line":19,"column":36},"end":{"line":21,"column":9}},"line":19},"5":{"name":"(anonymous_5)","decl":{"start":{"line":22,"column":31},"end":{"line":22,"column":32}},"loc":{"start":{"line":22,"column":37},"end":{"line":24,"column":9}},"line":22},"6":{"name":"(anonymous_6)","decl":{"start":{"line":25,"column":31},"end":{"line":25,"column":32}},"loc":{"start":{"line":25,"column":37},"end":{"line":27,"column":9}},"line":25},"7":{"name":"(anonymous_7)","decl":{"start":{"line":29,"column":4},"end":{"line":29,"column":5}},"loc":{"start":{"line":29,"column":28},"end":{"line":32,"column":5}},"line":29},"8":{"name":"(anonymous_8)","decl":{"start":{"line":33,"column":4},"end":{"line":33,"column":5}},"loc":{"start":{"line":33,"column":25},"end":{"line":36,"column":5}},"line":33},"9":{"name":"(anonymous_9)","decl":{"start":{"line":37,"column":4},"end":{"line":37,"column":5}},"loc":{"start":{"line":37,"column":25},"end":{"line":43,"column":5}},"line":37},"10":{"name":"(anonymous_10)","decl":{"start":{"line":44,"column":4},"end":{"line":44,"column":5}},"loc":{"start":{"line":44,"column":25},"end":{"line":47,"column":5}},"line":44},"11":{"name":"(anonymous_11)","decl":{"start":{"line":48,"column":4},"end":{"line":48,"column":5}},"loc":{"start":{"line":48,"column":25},"end":{"line":51,"column":5}},"line":48},"12":{"name":"(anonymous_12)","decl":{"start":{"line":52,"column":4},"end":{"line":52,"column":5}},"loc":{"start":{"line":52,"column":19},"end":{"line":54,"column":5}},"line":52}},"branchMap":{"0":{"loc":{"start":{"line":39,"column":8},"end":{"line":41,"column":9}},"type":"if","locations":[{"start":{"line":39,"column":8},"end":{"line":41,"column":9}},{"start":{},"end":{}}],"line":39}},"s":{"0":4,"1":26,"2":26,"3":26,"4":26,"5":26,"6":26,"7":26,"8":26,"9":43,"10":26,"11":13,"12":26,"13":3,"14":26,"15":40,"16":26,"17":2,"18":74,"19":74,"20":7,"21":7,"22":10,"23":10,"24":2,"25":10,"26":8,"27":8,"28":50,"29":50,"30":58},"f":{"0":26,"1":43,"2":26,"3":13,"4":3,"5":40,"6":2,"7":74,"8":7,"9":10,"10":8,"11":50,"12":58},"b":{"0":[2,8]},"_coverageSchema":"1a1c01bbd47fc00a2c39e90264f33305004495a9","hash":"76c09062be60c2f892af358eb9604365b7fa0f9e"}
,"D:\\Github\\JavaScript\\Mars Rover\\Rover.js": {"path":"D:\\Github\\JavaScript\\Mars Rover\\Rover.js","statementMap":{"0":{"start":{"line":1,"column":0},"end":{"line":31,"column":1}},"1":{"start":{"line":3,"column":8},"end":{"line":3,"column":32}},"2":{"start":{"line":4,"column":8},"end":{"line":4,"column":28}},"3":{"start":{"line":7,"column":8},"end":{"line":13,"column":9}},"4":{"start":{"line":8,"column":12},"end":{"line":8,"column":95}},"5":{"start":{"line":9,"column":12},"end":{"line":9,"column":91}},"6":{"start":{"line":11,"column":12},"end":{"line":11,"column":103}},"7":{"start":{"line":12,"column":12},"end":{"line":12,"column":99}},"8":{"start":{"line":16,"column":8},"end":{"line":16,"column":46}},"9":{"start":{"line":19,"column":8},"end":{"line":19,"column":43}},"10":{"start":{"line":22,"column":8},"end":{"line":22,"column":43}},"11":{"start":{"line":25,"column":8},"end":{"line":25,"column":50}},"12":{"start":{"line":28,"column":8},"end":{"line":28,"column":50}}},"fnMap":{"0":{"name":"(anonymous_0)","decl":{"start":{"line":2,"column":4},"end":{"line":2,"column":5}},"loc":{"start":{"line":2,"column":26},"end":{"line":5,"column":5}},"line":2},"1":{"name":"(anonymous_1)","decl":{"start":{"line":6,"column":4},"end":{"line":6,"column":5}},"loc":{"start":{"line":6,"column":18},"end":{"line":14,"column":5}},"line":6},"2":{"name":"(anonymous_2)","decl":{"start":{"line":15,"column":4},"end":{"line":15,"column":5}},"loc":{"start":{"line":15,"column":31},"end":{"line":17,"column":5}},"line":15},"3":{"name":"(anonymous_3)","decl":{"start":{"line":18,"column":4},"end":{"line":18,"column":5}},"loc":{"start":{"line":18,"column":15},"end":{"line":20,"column":5}},"line":18},"4":{"name":"(anonymous_4)","decl":{"start":{"line":21,"column":4},"end":{"line":21,"column":5}},"loc":{"start":{"line":21,"column":16},"end":{"line":23,"column":5}},"line":21},"5":{"name":"(anonymous_5)","decl":{"start":{"line":24,"column":4},"end":{"line":24,"column":5}},"loc":{"start":{"line":24,"column":18},"end":{"line":26,"column":5}},"line":24},"6":{"name":"(anonymous_6)","decl":{"start":{"line":27,"column":4},"end":{"line":27,"column":5}},"loc":{"start":{"line":27,"column":19},"end":{"line":29,"column":5}},"line":27}},"branchMap":{"0":{"loc":{"start":{"line":7,"column":8},"end":{"line":13,"column":9}},"type":"if","locations":[{"start":{"line":7,"column":8},"end":{"line":13,"column":9}},{"start":{"line":10,"column":15},"end":{"line":13,"column":9}}],"line":7}},"s":{"0":3,"1":13,"2":13,"3":7,"4":4,"5":4,"6":3,"7":3,"8":47,"9":8,"10":5,"11":46,"12":4},"f":{"0":13,"1":7,"2":47,"3":8,"4":5,"5":46,"6":4},"b":{"0":[4,3]},"_coverageSchema":"1a1c01bbd47fc00a2c39e90264f33305004495a9","hash":"dfdaadc3cb85dd293c5e399087d78ecf4a6e3994"}
,"D:\\Github\\JavaScript\\Mars Rover\\RoverTrip.js": {"path":"D:\\Github\\JavaScript\\Mars Rover\\RoverTrip.js","statementMap":{"0":{"start":{"line":1,"column":0},"end":{"line":63,"column":1}},"1":{"start":{"line":3,"column":8},"end":{"line":3,"column":27}},"2":{"start":{"line":4,"column":8},"end":{"line":4,"column":35}},"3":{"start":{"line":5,"column":8},"end":{"line":5,"column":39}},"4":{"start":{"line":6,"column":8},"end":{"line":6,"column":40}},"5":{"start":{"line":10,"column":8},"end":{"line":18,"column":11}},"6":{"start":{"line":11,"column":27},"end":{"line":11,"column":51}},"7":{"start":{"line":12,"column":32},"end":{"line":12,"column":90}},"8":{"start":{"line":13,"column":12},"end":{"line":17,"column":13}},"9":{"start":{"line":14,"column":16},"end":{"line":14,"column":43}},"10":{"start":{"line":16,"column":16},"end":{"line":16,"column":68}},"11":{"start":{"line":19,"column":8},"end":{"line":27,"column":11}},"12":{"start":{"line":20,"column":27},"end":{"line":20,"column":52}},"13":{"start":{"line":21,"column":32},"end":{"line":21,"column":90}},"14":{"start":{"line":22,"column":12},"end":{"line":26,"column":13}},"15":{"start":{"line":23,"column":16},"end":{"line":23,"column":43}},"16":{"start":{"line":25,"column":16},"end":{"line":25,"column":68}},"17":{"start":{"line":28,"column":8},"end":{"line":30,"column":11}},"18":{"start":{"line":29,"column":12},"end":{"line":29,"column":34}},"19":{"start":{"line":31,"column":8},"end":{"line":33,"column":11}},"20":{"start":{"line":32,"column":12},"end":{"line":32,"column":35}},"21":{"start":{"line":37,"column":8},"end":{"line":37,"column":88}},"22":{"start":{"line":41,"column":21},"end":{"line":41,"column":47}},"23":{"start":{"line":42,"column":8},"end":{"line":49,"column":9}},"24":{"start":{"line":43,"column":12},"end":{"line":43,"column":46}},"25":{"start":{"line":44,"column":12},"end":{"line":44,"column":24}},"26":{"start":{"line":47,"column":12},"end":{"line":47,"column":45}},"27":{"start":{"line":48,"column":12},"end":{"line":48,"column":25}},"28":{"start":{"line":53,"column":27},"end":{"line":53,"column":48}},"29":{"start":{"line":54,"column":8},"end":{"line":60,"column":9}},"30":{"start":{"line":54,"column":21},"end":{"line":54,"column":22}},"31":{"start":{"line":55,"column":12},"end":{"line":59,"column":13}},"32":{"start":{"line":56,"column":27},"end":{"line":56,"column":74}},"33":{"start":{"line":58,"column":16},"end":{"line":58,"column":22}},"34":{"start":{"line":61,"column":8},"end":{"line":61,"column":40}}},"fnMap":{"0":{"name":"(anonymous_0)","decl":{"start":{"line":2,"column":4},"end":{"line":2,"column":5}},"loc":{"start":{"line":2,"column":34},"end":{"line":7,"column":5}},"line":2},"1":{"name":"(anonymous_1)","decl":{"start":{"line":9,"column":4},"end":{"line":9,"column":5}},"loc":{"start":{"line":9,"column":31},"end":{"line":34,"column":5}},"line":9},"2":{"name":"(anonymous_2)","decl":{"start":{"line":10,"column":36},"end":{"line":10,"column":37}},"loc":{"start":{"line":10,"column":42},"end":{"line":18,"column":9}},"line":10},"3":{"name":"(anonymous_3)","decl":{"start":{"line":19,"column":36},"end":{"line":19,"column":37}},"loc":{"start":{"line":19,"column":42},"end":{"line":27,"column":9}},"line":19},"4":{"name":"(anonymous_4)","decl":{"start":{"line":28,"column":36},"end":{"line":28,"column":37}},"loc":{"start":{"line":28,"column":42},"end":{"line":30,"column":9}},"line":28},"5":{"name":"(anonymous_5)","decl":{"start":{"line":31,"column":36},"end":{"line":31,"column":37}},"loc":{"start":{"line":31,"column":42},"end":{"line":33,"column":9}},"line":31},"6":{"name":"(anonymous_6)","decl":{"start":{"line":36,"column":4},"end":{"line":36,"column":5}},"loc":{"start":{"line":36,"column":26},"end":{"line":38,"column":5}},"line":36},"7":{"name":"(anonymous_7)","decl":{"start":{"line":40,"column":4},"end":{"line":40,"column":5}},"loc":{"start":{"line":40,"column":23},"end":{"line":50,"column":5}},"line":40},"8":{"name":"(anonymous_8)","decl":{"start":{"line":52,"column":4},"end":{"line":52,"column":5}},"loc":{"start":{"line":52,"column":23},"end":{"line":62,"column":5}},"line":52}},"branchMap":{"0":{"loc":{"start":{"line":13,"column":12},"end":{"line":17,"column":13}},"type":"if","locations":[{"start":{"line":13,"column":12},"end":{"line":17,"column":13}},{"start":{"line":15,"column":19},"end":{"line":17,"column":13}}],"line":13},"1":{"loc":{"start":{"line":22,"column":12},"end":{"line":26,"column":13}},"type":"if","locations":[{"start":{"line":22,"column":12},"end":{"line":26,"column":13}},{"start":{"line":24,"column":19},"end":{"line":26,"column":13}}],"line":22},"2":{"loc":{"start":{"line":37,"column":15},"end":{"line":37,"column":87}},"type":"binary-expr","locations":[{"start":{"line":37,"column":15},"end":{"line":37,"column":30}},{"start":{"line":37,"column":34},"end":{"line":37,"column":49}},{"start":{"line":37,"column":53},"end":{"line":37,"column":68}},{"start":{"line":37,"column":72},"end":{"line":37,"column":87}}],"line":37},"3":{"loc":{"start":{"line":42,"column":8},"end":{"line":49,"column":9}},"type":"if","locations":[{"start":{"line":42,"column":8},"end":{"line":49,"column":9}},{"start":{"line":46,"column":13},"end":{"line":49,"column":9}}],"line":42},"4":{"loc":{"start":{"line":55,"column":12},"end":{"line":59,"column":13}},"type":"if","locations":[{"start":{"line":55,"column":12},"end":{"line":59,"column":13}},{"start":{"line":57,"column":19},"end":{"line":59,"column":13}}],"line":55}},"s":{"0":2,"1":7,"2":7,"3":7,"4":7,"5":7,"6":45,"7":45,"8":45,"9":1,"10":44,"11":7,"12":3,"13":3,"14":3,"15":1,"16":2,"17":7,"18":7,"19":7,"20":4,"21":62,"22":60,"23":60,"24":59,"25":59,"26":1,"27":1,"28":5,"29":5,"30":5,"31":57,"32":55,"33":2,"34":5},"f":{"0":7,"1":7,"2":45,"3":3,"4":7,"5":4,"6":62,"7":60,"8":5},"b":{"0":[1,44],"1":[1,2],"2":[62,16,13,6],"3":[59,1],"4":[55,2]},"_coverageSchema":"1a1c01bbd47fc00a2c39e90264f33305004495a9","hash":"c8f9bdeab4d4b3837ff8df024dd8032871b17247"}
,"D:\\Github\\JavaScript\\Mars Rover\\RoverTripV2.js": {"path":"D:\\Github\\JavaScript\\Mars Rover\\RoverTripV2.js","statementMap":{"0":{"start":{"line":16,"column":0},"end":{"line":221,"column":1}},"1":{"start":{"line":18,"column":8},"end":{"line":18,"column":35}},"2":{"start":{"line":19,"column":8},"end":{"line":19,"column":27}},"3":{"start":{"line":20,"column":8},"end":{"line":20,"column":35}},"4":{"start":{"line":21,"column":8},"end":{"line":21,"column":35}},"5":{"start":{"line":22,"column":8},"end":{"line":22,"column":32}},"6":{"start":{"line":23,"column":8},"end":{"line":23,"column":33}},"7":{"start":{"line":24,"column":8},"end":{"line":24,"column":39}},"8":{"start":{"line":25,"column":8},"end":{"line":25,"column":23}},"9":{"start":{"line":26,"column":8},"end":{"line":26,"column":40}},"10":{"start":{"line":30,"column":8},"end":{"line":32,"column":11}},"11":{"start":{"line":31,"column":12},"end":{"line":31,"column":24}},"12":{"start":{"line":33,"column":8},"end":{"line":35,"column":11}},"13":{"start":{"line":34,"column":12},"end":{"line":34,"column":24}},"14":{"start":{"line":36,"column":8},"end":{"line":38,"column":11}},"15":{"start":{"line":37,"column":12},"end":{"line":37,"column":24}},"16":{"start":{"line":39,"column":8},"end":{"line":41,"column":11}},"17":{"start":{"line":40,"column":12},"end":{"line":40,"column":24}},"18":{"start":{"line":43,"column":8},"end":{"line":45,"column":11}},"19":{"start":{"line":44,"column":12},"end":{"line":44,"column":24}},"20":{"start":{"line":46,"column":8},"end":{"line":48,"column":11}},"21":{"start":{"line":47,"column":12},"end":{"line":47,"column":24}},"22":{"start":{"line":49,"column":8},"end":{"line":51,"column":11}},"23":{"start":{"line":50,"column":12},"end":{"line":50,"column":24}},"24":{"start":{"line":52,"column":8},"end":{"line":54,"column":11}},"25":{"start":{"line":53,"column":12},"end":{"line":53,"column":24}},"26":{"start":{"line":56,"column":8},"end":{"line":58,"column":11}},"27":{"start":{"line":57,"column":12},"end":{"line":57,"column":24}},"28":{"start":{"line":59,"column":8},"end":{"line":61,"column":11}},"29":{"start":{"line":60,"column":12},"end":{"line":60,"column":24}},"30":{"start":{"line":62,"column":8},"end":{"line":64,"column":11}},"31":{"start":{"line":63,"column":12},"end":{"line":63,"column":24}},"32":{"start":{"line":65,"column":8},"end":{"line":67,"column":11}},"33":{"start":{"line":66,"column":12},"end":{"line":66,"column":24}},"34":{"start":{"line":69,"column":8},"end":{"line":71,"column":11}},"35":{"start":{"line":70,"column":12},"end":{"line":70,"column":24}},"36":{"start":{"line":72,"column":8},"end":{"line":74,"column":11}},"37":{"start":{"line":73,"column":12},"end":{"line":73,"column":24}},"38":{"start":{"line":75,"column":8},"end":{"line":77,"column":11}},"39":{"start":{"line":76,"column":12},"end":{"line":76,"column":24}},"40":{"start":{"line":78,"column":8},"end":{"line":80,"column":11}},"41":{"start":{"line":79,"column":12},"end":{"line":79,"column":24}},"42":{"start":{"line":82,"column":8},"end":{"line":92,"column":11}},"43":{"start":{"line":83,"column":12},"end":{"line":91,"column":13}},"44":{"start":{"line":84,"column":16},"end":{"line":84,"column":31}},"45":{"start":{"line":85,"column":19},"end":{"line":91,"column":13}},"46":{"start":{"line":86,"column":16},"end":{"line":86,"column":31}},"47":{"start":{"line":87,"column":19},"end":{"line":91,"column":13}},"48":{"start":{"line":88,"column":16},"end":{"line":88,"column":30}},"49":{"start":{"line":89,"column":19},"end":{"line":91,"column":13}},"50":{"start":{"line":90,"column":16},"end":{"line":90,"column":30}},"51":{"start":{"line":94,"column":8},"end":{"line":104,"column":11}},"52":{"start":{"line":95,"column":12},"end":{"line":103,"column":13}},"53":{"start":{"line":96,"column":16},"end":{"line":96,"column":31}},"54":{"start":{"line":97,"column":19},"end":{"line":103,"column":13}},"55":{"start":{"line":98,"column":16},"end":{"line":98,"column":31}},"56":{"start":{"line":99,"column":19},"end":{"line":103,"column":13}},"57":{"start":{"line":100,"column":16},"end":{"line":100,"column":30}},"58":{"start":{"line":101,"column":19},"end":{"line":103,"column":13}},"59":{"start":{"line":102,"column":16},"end":{"line":102,"column":30}},"60":{"start":{"line":106,"column":8},"end":{"line":116,"column":11}},"61":{"start":{"line":107,"column":12},"end":{"line":115,"column":13}},"62":{"start":{"line":108,"column":16},"end":{"line":108,"column":30}},"63":{"start":{"line":109,"column":19},"end":{"line":115,"column":13}},"64":{"start":{"line":110,"column":16},"end":{"line":110,"column":30}},"65":{"start":{"line":111,"column":19},"end":{"line":115,"column":13}},"66":{"start":{"line":112,"column":16},"end":{"line":112,"column":31}},"67":{"start":{"line":113,"column":19},"end":{"line":115,"column":13}},"68":{"start":{"line":114,"column":16},"end":{"line":114,"column":31}},"69":{"start":{"line":118,"column":8},"end":{"line":128,"column":11}},"70":{"start":{"line":119,"column":12},"end":{"line":127,"column":13}},"71":{"start":{"line":120,"column":16},"end":{"line":120,"column":30}},"72":{"start":{"line":121,"column":19},"end":{"line":127,"column":13}},"73":{"start":{"line":122,"column":16},"end":{"line":122,"column":30}},"74":{"start":{"line":123,"column":19},"end":{"line":127,"column":13}},"75":{"start":{"line":124,"column":16},"end":{"line":124,"column":31}},"76":{"start":{"line":125,"column":19},"end":{"line":127,"column":13}},"77":{"start":{"line":126,"column":16},"end":{"line":126,"column":31}},"78":{"start":{"line":133,"column":25},"end":{"line":133,"column":132}},"79":{"start":{"line":134,"column":8},"end":{"line":134,"column":126}},"80":{"start":{"line":136,"column":20},"end":{"line":136,"column":37}},"81":{"start":{"line":137,"column":8},"end":{"line":137,"column":22}},"82":{"start":{"line":138,"column":8},"end":{"line":138,"column":19}},"83":{"start":{"line":142,"column":8},"end":{"line":144,"column":104}},"84":{"start":{"line":151,"column":8},"end":{"line":153,"column":9}},"85":{"start":{"line":152,"column":12},"end":{"line":152,"column":19}},"86":{"start":{"line":155,"column":8},"end":{"line":158,"column":9}},"87":{"start":{"line":156,"column":12},"end":{"line":156,"column":42}},"88":{"start":{"line":157,"column":12},"end":{"line":157,"column":19}},"89":{"start":{"line":160,"column":8},"end":{"line":161,"column":19}},"90":{"start":{"line":161,"column":12},"end":{"line":161,"column":19}},"91":{"start":{"line":163,"column":8},"end":{"line":163,"column":48}},"92":{"start":{"line":166,"column":31},"end":{"line":166,"column":75}},"93":{"start":{"line":167,"column":27},"end":{"line":167,"column":46}},"94":{"start":{"line":168,"column":32},"end":{"line":168,"column":79}},"95":{"start":{"line":169,"column":12},"end":{"line":169,"column":110}},"96":{"start":{"line":173,"column":31},"end":{"line":173,"column":75}},"97":{"start":{"line":174,"column":27},"end":{"line":174,"column":46}},"98":{"start":{"line":175,"column":32},"end":{"line":175,"column":79}},"99":{"start":{"line":176,"column":12},"end":{"line":176,"column":110}},"100":{"start":{"line":180,"column":31},"end":{"line":180,"column":75}},"101":{"start":{"line":181,"column":27},"end":{"line":181,"column":46}},"102":{"start":{"line":182,"column":32},"end":{"line":182,"column":79}},"103":{"start":{"line":183,"column":12},"end":{"line":183,"column":110}},"104":{"start":{"line":187,"column":31},"end":{"line":187,"column":75}},"105":{"start":{"line":188,"column":27},"end":{"line":188,"column":46}},"106":{"start":{"line":189,"column":32},"end":{"line":189,"column":79}},"107":{"start":{"line":190,"column":12},"end":{"line":190,"column":110}},"108":{"start":{"line":197,"column":8},"end":{"line":210,"column":9}},"109":{"start":{"line":198,"column":12},"end":{"line":198,"column":39}},"110":{"start":{"line":199,"column":12},"end":{"line":199,"column":22}},"111":{"start":{"line":202,"column":23},"end":{"line":202,"column":65}},"112":{"start":{"line":203,"column":12},"end":{"line":207,"column":13}},"113":{"start":{"line":203,"column":25},"end":{"line":203,"column":26}},"114":{"start":{"line":204,"column":30},"end":{"line":204,"column":72}},"115":{"start":{"line":205,"column":16},"end":{"line":206,"column":35}},"116":{"start":{"line":206,"column":20},"end":{"line":206,"column":35}},"117":{"start":{"line":208,"column":12},"end":{"line":208,"column":41}},"118":{"start":{"line":209,"column":12},"end":{"line":209,"column":24}},"119":{"start":{"line":215,"column":8},"end":{"line":217,"column":9}},"120":{"start":{"line":215,"column":21},"end":{"line":215,"column":22}},"121":{"start":{"line":216,"column":12},"end":{"line":216,"column":79}},"122":{"start":{"line":218,"column":8},"end":{"line":218,"column":40}}},"fnMap":{"0":{"name":"(anonymous_0)","decl":{"start":{"line":17,"column":4},"end":{"line":17,"column":5}},"loc":{"start":{"line":17,"column":56},"end":{"line":27,"column":5}},"line":17},"1":{"name":"(anonymous_1)","decl":{"start":{"line":29,"column":4},"end":{"line":29,"column":5}},"loc":{"start":{"line":29,"column":31},"end":{"line":130,"column":5}},"line":29},"2":{"name":"(anonymous_2)","decl":{"start":{"line":30,"column":44},"end":{"line":30,"column":45}},"loc":{"start":{"line":30,"column":50},"end":{"line":32,"column":9}},"line":30},"3":{"name":"(anonymous_3)","decl":{"start":{"line":33,"column":44},"end":{"line":33,"column":45}},"loc":{"start":{"line":33,"column":50},"end":{"line":35,"column":9}},"line":33},"4":{"name":"(anonymous_4)","decl":{"start":{"line":36,"column":43},"end":{"line":36,"column":44}},"loc":{"start":{"line":36,"column":49},"end":{"line":38,"column":9}},"line":36},"5":{"name":"(anonymous_5)","decl":{"start":{"line":39,"column":43},"end":{"line":39,"column":44}},"loc":{"start":{"line":39,"column":49},"end":{"line":41,"column":9}},"line":39},"6":{"name":"(anonymous_6)","decl":{"start":{"line":43,"column":44},"end":{"line":43,"column":45}},"loc":{"start":{"line":43,"column":50},"end":{"line":45,"column":9}},"line":43},"7":{"name":"(anonymous_7)","decl":{"start":{"line":46,"column":44},"end":{"line":46,"column":45}},"loc":{"start":{"line":46,"column":50},"end":{"line":48,"column":9}},"line":46},"8":{"name":"(anonymous_8)","decl":{"start":{"line":49,"column":43},"end":{"line":49,"column":44}},"loc":{"start":{"line":49,"column":49},"end":{"line":51,"column":9}},"line":49},"9":{"name":"(anonymous_9)","decl":{"start":{"line":52,"column":43},"end":{"line":52,"column":44}},"loc":{"start":{"line":52,"column":49},"end":{"line":54,"column":9}},"line":52},"10":{"name":"(anonymous_10)","decl":{"start":{"line":56,"column":44},"end":{"line":56,"column":45}},"loc":{"start":{"line":56,"column":50},"end":{"line":58,"column":9}},"line":56},"11":{"name":"(anonymous_11)","decl":{"start":{"line":59,"column":44},"end":{"line":59,"column":45}},"loc":{"start":{"line":59,"column":50},"end":{"line":61,"column":9}},"line":59},"12":{"name":"(anonymous_12)","decl":{"start":{"line":62,"column":43},"end":{"line":62,"column":44}},"loc":{"start":{"line":62,"column":49},"end":{"line":64,"column":9}},"line":62},"13":{"name":"(anonymous_13)","decl":{"start":{"line":65,"column":43},"end":{"line":65,"column":44}},"loc":{"start":{"line":65,"column":49},"end":{"line":67,"column":9}},"line":65},"14":{"name":"(anonymous_14)","decl":{"start":{"line":69,"column":44},"end":{"line":69,"column":45}},"loc":{"start":{"line":69,"column":50},"end":{"line":71,"column":9}},"line":69},"15":{"name":"(anonymous_15)","decl":{"start":{"line":72,"column":44},"end":{"line":72,"column":45}},"loc":{"start":{"line":72,"column":50},"end":{"line":74,"column":9}},"line":72},"16":{"name":"(anonymous_16)","decl":{"start":{"line":75,"column":43},"end":{"line":75,"column":44}},"loc":{"start":{"line":75,"column":49},"end":{"line":77,"column":9}},"line":75},"17":{"name":"(anonymous_17)","decl":{"start":{"line":78,"column":43},"end":{"line":78,"column":44}},"loc":{"start":{"line":78,"column":49},"end":{"line":80,"column":9}},"line":78},"18":{"name":"(anonymous_18)","decl":{"start":{"line":82,"column":37},"end":{"line":82,"column":38}},"loc":{"start":{"line":82,"column":52},"end":{"line":92,"column":9}},"line":82},"19":{"name":"(anonymous_19)","decl":{"start":{"line":94,"column":37},"end":{"line":94,"column":38}},"loc":{"start":{"line":94,"column":52},"end":{"line":104,"column":9}},"line":94},"20":{"name":"(anonymous_20)","decl":{"start":{"line":106,"column":37},"end":{"line":106,"column":38}},"loc":{"start":{"line":106,"column":52},"end":{"line":116,"column":9}},"line":106},"21":{"name":"(anonymous_21)","decl":{"start":{"line":118,"column":37},"end":{"line":118,"column":38}},"loc":{"start":{"line":118,"column":52},"end":{"line":128,"column":9}},"line":118},"22":{"name":"(anonymous_22)","decl":{"start":{"line":132,"column":4},"end":{"line":132,"column":5}},"loc":{"start":{"line":132,"column":21},"end":{"line":139,"column":5}},"line":132},"23":{"name":"(anonymous_23)","decl":{"start":{"line":141,"column":4},"end":{"line":141,"column":5}},"loc":{"start":{"line":141,"column":45},"end":{"line":146,"column":5}},"line":141},"24":{"name":"(anonymous_24)","decl":{"start":{"line":148,"column":4},"end":{"line":148,"column":5}},"loc":{"start":{"line":148,"column":62},"end":{"line":194,"column":5}},"line":148},"25":{"name":"(anonymous_25)","decl":{"start":{"line":196,"column":4},"end":{"line":196,"column":5}},"loc":{"start":{"line":196,"column":17},"end":{"line":212,"column":5}},"line":196},"26":{"name":"(anonymous_26)","decl":{"start":{"line":214,"column":4},"end":{"line":214,"column":5}},"loc":{"start":{"line":214,"column":13},"end":{"line":219,"column":5}},"line":214}},"branchMap":{"0":{"loc":{"start":{"line":83,"column":12},"end":{"line":91,"column":13}},"type":"if","locations":[{"start":{"line":83,"column":12},"end":{"line":91,"column":13}},{"start":{"line":85,"column":19},"end":{"line":91,"column":13}}],"line":83},"1":{"loc":{"start":{"line":85,"column":19},"end":{"line":91,"column":13}},"type":"if","locations":[{"start":{"line":85,"column":19},"end":{"line":91,"column":13}},{"start":{"line":87,"column":19},"end":{"line":91,"column":13}}],"line":85},"2":{"loc":{"start":{"line":87,"column":19},"end":{"line":91,"column":13}},"type":"if","locations":[{"start":{"line":87,"column":19},"end":{"line":91,"column":13}},{"start":{"line":89,"column":19},"end":{"line":91,"column":13}}],"line":87},"3":{"loc":{"start":{"line":89,"column":19},"end":{"line":91,"column":13}},"type":"if","locations":[{"start":{"line":89,"column":19},"end":{"line":91,"column":13}},{"start":{},"end":{}}],"line":89},"4":{"loc":{"start":{"line":95,"column":12},"end":{"line":103,"column":13}},"type":"if","locations":[{"start":{"line":95,"column":12},"end":{"line":103,"column":13}},{"start":{"line":97,"column":19},"end":{"line":103,"column":13}}],"line":95},"5":{"loc":{"start":{"line":97,"column":19},"end":{"line":103,"column":13}},"type":"if","locations":[{"start":{"line":97,"column":19},"end":{"line":103,"column":13}},{"start":{"line":99,"column":19},"end":{"line":103,"column":13}}],"line":97},"6":{"loc":{"start":{"line":99,"column":19},"end":{"line":103,"column":13}},"type":"if","locations":[{"start":{"line":99,"column":19},"end":{"line":103,"column":13}},{"start":{"line":101,"column":19},"end":{"line":103,"column":13}}],"line":99},"7":{"loc":{"start":{"line":101,"column":19},"end":{"line":103,"column":13}},"type":"if","locations":[{"start":{"line":101,"column":19},"end":{"line":103,"column":13}},{"start":{},"end":{}}],"line":101},"8":{"loc":{"start":{"line":107,"column":12},"end":{"line":115,"column":13}},"type":"if","locations":[{"start":{"line":107,"column":12},"end":{"line":115,"column":13}},{"start":{"line":109,"column":19},"end":{"line":115,"column":13}}],"line":107},"9":{"loc":{"start":{"line":109,"column":19},"end":{"line":115,"column":13}},"type":"if","locations":[{"start":{"line":109,"column":19},"end":{"line":115,"column":13}},{"start":{"line":111,"column":19},"end":{"line":115,"column":13}}],"line":109},"10":{"loc":{"start":{"line":111,"column":19},"end":{"line":115,"column":13}},"type":"if","locations":[{"start":{"line":111,"column":19},"end":{"line":115,"column":13}},{"start":{"line":113,"column":19},"end":{"line":115,"column":13}}],"line":111},"11":{"loc":{"start":{"line":113,"column":19},"end":{"line":115,"column":13}},"type":"if","locations":[{"start":{"line":113,"column":19},"end":{"line":115,"column":13}},{"start":{},"end":{}}],"line":113},"12":{"loc":{"start":{"line":119,"column":12},"end":{"line":127,"column":13}},"type":"if","locations":[{"start":{"line":119,"column":12},"end":{"line":127,"column":13}},{"start":{"line":121,"column":19},"end":{"line":127,"column":13}}],"line":119},"13":{"loc":{"start":{"line":121,"column":19},"end":{"line":127,"column":13}},"type":"if","locations":[{"start":{"line":121,"column":19},"end":{"line":127,"column":13}},{"start":{"line":123,"column":19},"end":{"line":127,"column":13}}],"line":121},"14":{"loc":{"start":{"line":123,"column":19},"end":{"line":127,"column":13}},"type":"if","locations":[{"start":{"line":123,"column":19},"end":{"line":127,"column":13}},{"start":{"line":125,"column":19},"end":{"line":127,"column":13}}],"line":123},"15":{"loc":{"start":{"line":125,"column":19},"end":{"line":127,"column":13}},"type":"if","locations":[{"start":{"line":125,"column":19},"end":{"line":127,"column":13}},{"start":{},"end":{}}],"line":125},"16":{"loc":{"start":{"line":142,"column":17},"end":{"line":144,"column":102}},"type":"binary-expr","locations":[{"start":{"line":142,"column":17},"end":{"line":142,"column":45}},{"start":{"line":142,"column":49},"end":{"line":142,"column":77}},{"start":{"line":143,"column":8},"end":{"line":143,"column":36}},{"start":{"line":143,"column":40},"end":{"line":143,"column":68}},{"start":{"line":144,"column":11},"end":{"line":144,"column":59}},{"start":{"line":144,"column":63},"end":{"line":144,"column":102}}],"line":142},"17":{"loc":{"start":{"line":151,"column":8},"end":{"line":153,"column":9}},"type":"if","locations":[{"start":{"line":151,"column":8},"end":{"line":153,"column":9}},{"start":{},"end":{}}],"line":151},"18":{"loc":{"start":{"line":155,"column":8},"end":{"line":158,"column":9}},"type":"if","locations":[{"start":{"line":155,"column":8},"end":{"line":158,"column":9}},{"start":{},"end":{}}],"line":155},"19":{"loc":{"start":{"line":155,"column":12},"end":{"line":155,"column":60}},"type":"binary-expr","locations":[{"start":{"line":155,"column":12},"end":{"line":155,"column":34}},{"start":{"line":155,"column":38},"end":{"line":155,"column":60}}],"line":155},"20":{"loc":{"start":{"line":160,"column":8},"end":{"line":161,"column":19}},"type":"if","locations":[{"start":{"line":160,"column":8},"end":{"line":161,"column":19}},{"start":{},"end":{}}],"line":160},"21":{"loc":{"start":{"line":160,"column":11},"end":{"line":160,"column":63}},"type":"binary-expr","locations":[{"start":{"line":160,"column":11},"end":{"line":160,"column":35}},{"start":{"line":160,"column":39},"end":{"line":160,"column":63}}],"line":160},"22":{"loc":{"start":{"line":197,"column":8},"end":{"line":210,"column":9}},"type":"if","locations":[{"start":{"line":197,"column":8},"end":{"line":210,"column":9}},{"start":{"line":201,"column":12},"end":{"line":210,"column":9}}],"line":197},"23":{"loc":{"start":{"line":205,"column":16},"end":{"line":206,"column":35}},"type":"if","locations":[{"start":{"line":205,"column":16},"end":{"line":206,"column":35}},{"start":{},"end":{}}],"line":205}},"s":{"0":1,"1":2,"2":2,"3":2,"4":2,"5":2,"6":2,"7":2,"8":2,"9":2,"10":2,"11":52,"12":2,"13":33,"14":2,"15":10,"16":2,"17":6,"18":2,"19":52,"20":2,"21":33,"22":2,"23":10,"24":2,"25":6,"26":2,"27":52,"28":2,"29":33,"30":2,"31":10,"32":2,"33":6,"34":2,"35":52,"36":2,"37":33,"38":2,"39":10,"40":2,"41":6,"42":2,"43":101,"44":52,"45":49,"46":33,"47":16,"48":10,"49":6,"50":6,"51":2,"52":101,"53":52,"54":49,"55":33,"56":16,"57":10,"58":6,"59":6,"60":2,"61":101,"62":52,"63":49,"64":33,"65":16,"66":10,"67":6,"68":6,"69":2,"70":101,"71":52,"72":49,"73":33,"74":16,"75":10,"76":6,"77":6,"78":2,"79":2,"80":2,"81":2,"82":2,"83":406,"84":406,"85":267,"86":139,"87":3,"88":3,"89":136,"90":35,"91":101,"92":101,"93":101,"94":101,"95":101,"96":101,"97":101,"98":101,"99":101,"100":101,"101":101,"102":101,"103":101,"104":101,"105":101,"106":101,"107":101,"108":2,"109":0,"110":0,"111":2,"112":2,"113":2,"114":1,"115":1,"116":0,"117":2,"118":2,"119":2,"120":2,"121":3,"122":2},"f":{"0":2,"1":2,"2":52,"3":33,"4":10,"5":6,"6":52,"7":33,"8":10,"9":6,"10":52,"11":33,"12":10,"13":6,"14":52,"15":33,"16":10,"17":6,"18":101,"19":101,"20":101,"21":101,"22":2,"23":406,"24":406,"25":2,"26":2},"b":{"0":[52,49],"1":[33,16],"2":[10,6],"3":[6,0],"4":[52,49],"5":[33,16],"6":[10,6],"7":[6,0],"8":[52,49],"9":[33,16],"10":[10,6],"11":[6,0],"12":[52,49],"13":[33,16],"14":[10,6],"15":[6,0],"16":[406,406,406,371,365,358],"17":[267,139],"18":[3,136],"19":[139,35],"20":[35,101],"21":[136,105],"22":[0,2],"23":[0,1]},"_coverageSchema":"1a1c01bbd47fc00a2c39e90264f33305004495a9","hash":"6422210e708c5ac4cd405e6c64a947f5a5ac88b3"}
}
