{"D:\\Github\\JavaScript\\Mars Rover\\Obstacles.js": {"path":"D:\\Github\\JavaScript\\Mars Rover\\Obstacles.js","statementMap":{"0":{"start":{"line":1,"column":0},"end":{"line":26,"column":1}},"1":{"start":{"line":4,"column":8},"end":{"line":4,"column":38}},"2":{"start":{"line":7,"column":20},"end":{"line":7,"column":25}},"3":{"start":{"line":8,"column":8},"end":{"line":13,"column":9}},"4":{"start":{"line":8,"column":21},"end":{"line":8,"column":22}},"5":{"start":{"line":9,"column":12},"end":{"line":12,"column":13}},"6":{"start":{"line":10,"column":16},"end":{"line":10,"column":29}},"7":{"start":{"line":11,"column":16},"end":{"line":11,"column":22}},"8":{"start":{"line":14,"column":8},"end":{"line":14,"column":21}},"9":{"start":{"line":17,"column":8},"end":{"line":17,"column":62}},"10":{"start":{"line":20,"column":8},"end":{"line":24,"column":9}},"11":{"start":{"line":21,"column":12},"end":{"line":21,"column":24}},"12":{"start":{"line":23,"column":12},"end":{"line":23,"column":25}}},"fnMap":{"0":{"name":"(anonymous_0)","decl":{"start":{"line":3,"column":4},"end":{"line":3,"column":5}},"loc":{"start":{"line":3,"column":29},"end":{"line":5,"column":5}},"line":3},"1":{"name":"(anonymous_1)","decl":{"start":{"line":6,"column":4},"end":{"line":6,"column":5}},"loc":{"start":{"line":6,"column":44},"end":{"line":15,"column":5}},"line":6},"2":{"name":"(anonymous_2)","decl":{"start":{"line":16,"column":4},"end":{"line":16,"column":5}},"loc":{"start":{"line":16,"column":48},"end":{"line":18,"column":5}},"line":16},"3":{"name":"(anonymous_3)","decl":{"start":{"line":19,"column":4},"end":{"line":19,"column":5}},"loc":{"start":{"line":19,"column":21},"end":{"line":25,"column":5}},"line":19}},"branchMap":{"0":{"loc":{"start":{"line":9,"column":12},"end":{"line":12,"column":13}},"type":"if","locations":[{"start":{"line":9,"column":12},"end":{"line":12,"column":13}},{"start":{},"end":{}}],"line":9},"1":{"loc":{"start":{"line":17,"column":26},"end":{"line":17,"column":60}},"type":"binary-expr","locations":[{"start":{"line":17,"column":26},"end":{"line":17,"column":41}},{"start":{"line":17,"column":45},"end":{"line":17,"column":60}}],"line":17},"2":{"loc":{"start":{"line":20,"column":8},"end":{"line":24,"column":9}},"type":"if","locations":[{"start":{"line":20,"column":8},"end":{"line":24,"column":9}},{"start":{"line":22,"column":15},"end":{"line":24,"column":9}}],"line":20}},"s":{"0":2,"1":8,"2":16,"3":16,"4":16,"5":43,"6":3,"7":3,"8":16,"9":44,"10":44,"11":3,"12":41},"f":{"0":8,"1":16,"2":44,"3":44},"b":{"0":[3,40],"1":[44,13],"2":[3,41]},"_coverageSchema":"1a1c01bbd47fc00a2c39e90264f33305004495a9","hash":"597ffcb34b2665ae4c25927b2f8e9a49dda89725"}
,"D:\\Github\\JavaScript\\Mars Rover\\Position.js": {"path":"D:\\Github\\JavaScript\\Mars Rover\\Position.js","statementMap":{"0":{"start":{"line":1,"column":0},"end":{"line":55,"column":1}},"1":{"start":{"line":3,"column":8},"end":{"line":3,"column":31}},"2":{"start":{"line":4,"column":8},"end":{"line":4,"column":56}},"3":{"start":{"line":5,"column":8},"end":{"line":5,"column":39}},"4":{"start":{"line":6,"column":8},"end":{"line":6,"column":30}},"5":{"start":{"line":7,"column":8},"end":{"line":7,"column":32}},"6":{"start":{"line":8,"column":8},"end":{"line":8,"column":25}},"7":{"start":{"line":9,"column":8},"end":{"line":9,"column":27}},"8":{"start":{"line":10,"column":8},"end":{"line":10,"column":44}},"9":{"start":{"line":13,"column":8},"end":{"line":13,"column":54}},"10":{"start":{"line":16,"column":8},"end":{"line":18,"column":11}},"11":{"start":{"line":17,"column":12},"end":{"line":17,"column":85}},"12":{"start":{"line":19,"column":8},"end":{"line":21,"column":11}},"13":{"start":{"line":20,"column":12},"end":{"line":20,"column":85}},"14":{"start":{"line":22,"column":8},"end":{"line":24,"column":11}},"15":{"start":{"line":23,"column":12},"end":{"line":23,"column":85}},"16":{"start":{"line":25,"column":8},"end":{"line":27,"column":11}},"17":{"start":{"line":26,"column":12},"end":{"line":26,"column":85}},"18":{"start":{"line":30,"column":8},"end":{"line":30,"column":22}},"19":{"start":{"line":31,"column":8},"end":{"line":31,"column":22}},"20":{"start":{"line":34,"column":8},"end":{"line":34,"column":54}},"21":{"start":{"line":35,"column":8},"end":{"line":35,"column":27}},"22":{"start":{"line":38,"column":8},"end":{"line":38,"column":54}},"23":{"start":{"line":39,"column":8},"end":{"line":41,"column":9}},"24":{"start":{"line":40,"column":12},"end":{"line":40,"column":52}},"25":{"start":{"line":42,"column":8},"end":{"line":42,"column":27}},"26":{"start":{"line":45,"column":8},"end":{"line":45,"column":33}},"27":{"start":{"line":46,"column":8},"end":{"line":46,"column":35}},"28":{"start":{"line":49,"column":8},"end":{"line":49,"column":32}},"29":{"start":{"line":50,"column":8},"end":{"line":50,"column":35}},"30":{"start":{"line":53,"column":8},"end":{"line":53,"column":47}}},"fnMap":{"0":{"name":"(anonymous_0)","decl":{"start":{"line":2,"column":4},"end":{"line":2,"column":5}},"loc":{"start":{"line":2,"column":41},"end":{"line":11,"column":5}},"line":2},"1":{"name":"(anonymous_1)","decl":{"start":{"line":12,"column":4},"end":{"line":12,"column":5}},"loc":{"start":{"line":12,"column":18},"end":{"line":14,"column":5}},"line":12},"2":{"name":"(anonymous_2)","decl":{"start":{"line":15,"column":4},"end":{"line":15,"column":5}},"loc":{"start":{"line":15,"column":36},"end":{"line":28,"column":5}},"line":15},"3":{"name":"(anonymous_3)","decl":{"start":{"line":16,"column":30},"end":{"line":16,"column":31}},"loc":{"start":{"line":16,"column":36},"end":{"line":18,"column":9}},"line":16},"4":{"name":"(anonymous_4)","decl":{"start":{"line":19,"column":30},"end":{"line":19,"column":31}},"loc":{"start":{"line":19,"column":36},"end":{"line":21,"column":9}},"line":19},"5":{"name":"(anonymous_5)","decl":{"start":{"line":22,"column":31},"end":{"line":22,"column":32}},"loc":{"start":{"line":22,"column":37},"end":{"line":24,"column":9}},"line":22},"6":{"name":"(anonymous_6)","decl":{"start":{"line":25,"column":31},"end":{"line":25,"column":32}},"loc":{"start":{"line":25,"column":37},"end":{"line":27,"column":9}},"line":25},"7":{"name":"(anonymous_7)","decl":{"start":{"line":29,"column":4},"end":{"line":29,"column":5}},"loc":{"start":{"line":29,"column":28},"end":{"line":32,"column":5}},"line":29},"8":{"name":"(anonymous_8)","decl":{"start":{"line":33,"column":4},"end":{"line":33,"column":5}},"loc":{"start":{"line":33,"column":25},"end":{"line":36,"column":5}},"line":33},"9":{"name":"(anonymous_9)","decl":{"start":{"line":37,"column":4},"end":{"line":37,"column":5}},"loc":{"start":{"line":37,"column":25},"end":{"line":43,"column":5}},"line":37},"10":{"name":"(anonymous_10)","decl":{"start":{"line":44,"column":4},"end":{"line":44,"column":5}},"loc":{"start":{"line":44,"column":25},"end":{"line":47,"column":5}},"line":44},"11":{"name":"(anonymous_11)","decl":{"start":{"line":48,"column":4},"end":{"line":48,"column":5}},"loc":{"start":{"line":48,"column":25},"end":{"line":51,"column":5}},"line":48},"12":{"name":"(anonymous_12)","decl":{"start":{"line":52,"column":4},"end":{"line":52,"column":5}},"loc":{"start":{"line":52,"column":19},"end":{"line":54,"column":5}},"line":52}},"branchMap":{"0":{"loc":{"start":{"line":39,"column":8},"end":{"line":41,"column":9}},"type":"if","locations":[{"start":{"line":39,"column":8},"end":{"line":41,"column":9}},{"start":{},"end":{}}],"line":39}},"s":{"0":3,"1":25,"2":25,"3":25,"4":25,"5":25,"6":25,"7":25,"8":25,"9":37,"10":25,"11":10,"12":25,"13":2,"14":25,"15":10,"16":25,"17":2,"18":39,"19":39,"20":5,"21":5,"22":7,"23":7,"24":1,"25":7,"26":8,"27":8,"28":16,"29":16,"30":24},"f":{"0":25,"1":37,"2":25,"3":10,"4":2,"5":10,"6":2,"7":39,"8":5,"9":7,"10":8,"11":16,"12":24},"b":{"0":[1,6]},"_coverageSchema":"1a1c01bbd47fc00a2c39e90264f33305004495a9","hash":"76c09062be60c2f892af358eb9604365b7fa0f9e"}
,"D:\\Github\\JavaScript\\Mars Rover\\Rover.js": {"path":"D:\\Github\\JavaScript\\Mars Rover\\Rover.js","statementMap":{"0":{"start":{"line":1,"column":0},"end":{"line":31,"column":1}},"1":{"start":{"line":3,"column":8},"end":{"line":3,"column":32}},"2":{"start":{"line":4,"column":8},"end":{"line":4,"column":28}},"3":{"start":{"line":7,"column":8},"end":{"line":13,"column":9}},"4":{"start":{"line":8,"column":12},"end":{"line":8,"column":95}},"5":{"start":{"line":9,"column":12},"end":{"line":9,"column":91}},"6":{"start":{"line":11,"column":12},"end":{"line":11,"column":103}},"7":{"start":{"line":12,"column":12},"end":{"line":12,"column":99}},"8":{"start":{"line":16,"column":8},"end":{"line":16,"column":46}},"9":{"start":{"line":19,"column":8},"end":{"line":19,"column":43}},"10":{"start":{"line":22,"column":8},"end":{"line":22,"column":43}},"11":{"start":{"line":25,"column":8},"end":{"line":25,"column":50}},"12":{"start":{"line":28,"column":8},"end":{"line":28,"column":50}}},"fnMap":{"0":{"name":"(anonymous_0)","decl":{"start":{"line":2,"column":4},"end":{"line":2,"column":5}},"loc":{"start":{"line":2,"column":26},"end":{"line":5,"column":5}},"line":2},"1":{"name":"(anonymous_1)","decl":{"start":{"line":6,"column":4},"end":{"line":6,"column":5}},"loc":{"start":{"line":6,"column":18},"end":{"line":14,"column":5}},"line":6},"2":{"name":"(anonymous_2)","decl":{"start":{"line":15,"column":4},"end":{"line":15,"column":5}},"loc":{"start":{"line":15,"column":31},"end":{"line":17,"column":5}},"line":15},"3":{"name":"(anonymous_3)","decl":{"start":{"line":18,"column":4},"end":{"line":18,"column":5}},"loc":{"start":{"line":18,"column":15},"end":{"line":20,"column":5}},"line":18},"4":{"name":"(anonymous_4)","decl":{"start":{"line":21,"column":4},"end":{"line":21,"column":5}},"loc":{"start":{"line":21,"column":16},"end":{"line":23,"column":5}},"line":21},"5":{"name":"(anonymous_5)","decl":{"start":{"line":24,"column":4},"end":{"line":24,"column":5}},"loc":{"start":{"line":24,"column":18},"end":{"line":26,"column":5}},"line":24},"6":{"name":"(anonymous_6)","decl":{"start":{"line":27,"column":4},"end":{"line":27,"column":5}},"loc":{"start":{"line":27,"column":19},"end":{"line":29,"column":5}},"line":27}},"branchMap":{"0":{"loc":{"start":{"line":7,"column":8},"end":{"line":13,"column":9}},"type":"if","locations":[{"start":{"line":7,"column":8},"end":{"line":13,"column":9}},{"start":{"line":10,"column":15},"end":{"line":13,"column":9}}],"line":7}},"s":{"0":2,"1":12,"2":12,"3":5,"4":2,"5":2,"6":3,"7":3,"8":13,"9":5,"10":3,"11":12,"12":4},"f":{"0":12,"1":5,"2":13,"3":5,"4":3,"5":12,"6":4},"b":{"0":[2,3]},"_coverageSchema":"1a1c01bbd47fc00a2c39e90264f33305004495a9","hash":"dfdaadc3cb85dd293c5e399087d78ecf4a6e3994"}
,"D:\\Github\\JavaScript\\Mars Rover\\RoverTrip.js": {"path":"D:\\Github\\JavaScript\\Mars Rover\\RoverTrip.js","statementMap":{"0":{"start":{"line":1,"column":0},"end":{"line":67,"column":1}},"1":{"start":{"line":3,"column":8},"end":{"line":3,"column":27}},"2":{"start":{"line":4,"column":8},"end":{"line":4,"column":35}},"3":{"start":{"line":5,"column":8},"end":{"line":5,"column":39}},"4":{"start":{"line":6,"column":8},"end":{"line":6,"column":40}},"5":{"start":{"line":10,"column":8},"end":{"line":18,"column":11}},"6":{"start":{"line":11,"column":27},"end":{"line":11,"column":51}},"7":{"start":{"line":12,"column":32},"end":{"line":12,"column":90}},"8":{"start":{"line":13,"column":12},"end":{"line":17,"column":13}},"9":{"start":{"line":14,"column":16},"end":{"line":14,"column":43}},"10":{"start":{"line":16,"column":16},"end":{"line":16,"column":68}},"11":{"start":{"line":19,"column":8},"end":{"line":27,"column":11}},"12":{"start":{"line":20,"column":27},"end":{"line":20,"column":52}},"13":{"start":{"line":21,"column":32},"end":{"line":21,"column":90}},"14":{"start":{"line":22,"column":12},"end":{"line":26,"column":13}},"15":{"start":{"line":23,"column":16},"end":{"line":23,"column":43}},"16":{"start":{"line":25,"column":16},"end":{"line":25,"column":68}},"17":{"start":{"line":28,"column":8},"end":{"line":30,"column":11}},"18":{"start":{"line":29,"column":12},"end":{"line":29,"column":34}},"19":{"start":{"line":31,"column":8},"end":{"line":33,"column":11}},"20":{"start":{"line":32,"column":12},"end":{"line":32,"column":35}},"21":{"start":{"line":37,"column":8},"end":{"line":41,"column":9}},"22":{"start":{"line":38,"column":12},"end":{"line":38,"column":24}},"23":{"start":{"line":40,"column":12},"end":{"line":40,"column":25}},"24":{"start":{"line":45,"column":21},"end":{"line":45,"column":47}},"25":{"start":{"line":46,"column":8},"end":{"line":53,"column":9}},"26":{"start":{"line":47,"column":12},"end":{"line":47,"column":46}},"27":{"start":{"line":48,"column":12},"end":{"line":48,"column":24}},"28":{"start":{"line":51,"column":12},"end":{"line":51,"column":45}},"29":{"start":{"line":52,"column":12},"end":{"line":52,"column":25}},"30":{"start":{"line":57,"column":27},"end":{"line":57,"column":48}},"31":{"start":{"line":58,"column":8},"end":{"line":64,"column":9}},"32":{"start":{"line":58,"column":21},"end":{"line":58,"column":22}},"33":{"start":{"line":59,"column":12},"end":{"line":63,"column":13}},"34":{"start":{"line":60,"column":27},"end":{"line":60,"column":74}},"35":{"start":{"line":62,"column":16},"end":{"line":62,"column":22}},"36":{"start":{"line":65,"column":8},"end":{"line":65,"column":40}}},"fnMap":{"0":{"name":"(anonymous_0)","decl":{"start":{"line":2,"column":4},"end":{"line":2,"column":5}},"loc":{"start":{"line":2,"column":34},"end":{"line":7,"column":5}},"line":2},"1":{"name":"(anonymous_1)","decl":{"start":{"line":9,"column":4},"end":{"line":9,"column":5}},"loc":{"start":{"line":9,"column":31},"end":{"line":34,"column":5}},"line":9},"2":{"name":"(anonymous_2)","decl":{"start":{"line":10,"column":36},"end":{"line":10,"column":37}},"loc":{"start":{"line":10,"column":42},"end":{"line":18,"column":9}},"line":10},"3":{"name":"(anonymous_3)","decl":{"start":{"line":19,"column":36},"end":{"line":19,"column":37}},"loc":{"start":{"line":19,"column":42},"end":{"line":27,"column":9}},"line":19},"4":{"name":"(anonymous_4)","decl":{"start":{"line":28,"column":36},"end":{"line":28,"column":37}},"loc":{"start":{"line":28,"column":42},"end":{"line":30,"column":9}},"line":28},"5":{"name":"(anonymous_5)","decl":{"start":{"line":31,"column":36},"end":{"line":31,"column":37}},"loc":{"start":{"line":31,"column":42},"end":{"line":33,"column":9}},"line":31},"6":{"name":"(anonymous_6)","decl":{"start":{"line":36,"column":4},"end":{"line":36,"column":5}},"loc":{"start":{"line":36,"column":26},"end":{"line":42,"column":5}},"line":36},"7":{"name":"(anonymous_7)","decl":{"start":{"line":44,"column":4},"end":{"line":44,"column":5}},"loc":{"start":{"line":44,"column":23},"end":{"line":54,"column":5}},"line":44},"8":{"name":"(anonymous_8)","decl":{"start":{"line":56,"column":4},"end":{"line":56,"column":5}},"loc":{"start":{"line":56,"column":23},"end":{"line":66,"column":5}},"line":56}},"branchMap":{"0":{"loc":{"start":{"line":13,"column":12},"end":{"line":17,"column":13}},"type":"if","locations":[{"start":{"line":13,"column":12},"end":{"line":17,"column":13}},{"start":{"line":15,"column":19},"end":{"line":17,"column":13}}],"line":13},"1":{"loc":{"start":{"line":22,"column":12},"end":{"line":26,"column":13}},"type":"if","locations":[{"start":{"line":22,"column":12},"end":{"line":26,"column":13}},{"start":{"line":24,"column":19},"end":{"line":26,"column":13}}],"line":22},"2":{"loc":{"start":{"line":37,"column":8},"end":{"line":41,"column":9}},"type":"if","locations":[{"start":{"line":37,"column":8},"end":{"line":41,"column":9}},{"start":{"line":39,"column":15},"end":{"line":41,"column":9}}],"line":37},"3":{"loc":{"start":{"line":37,"column":12},"end":{"line":37,"column":84}},"type":"binary-expr","locations":[{"start":{"line":37,"column":12},"end":{"line":37,"column":27}},{"start":{"line":37,"column":31},"end":{"line":37,"column":46}},{"start":{"line":37,"column":50},"end":{"line":37,"column":65}},{"start":{"line":37,"column":69},"end":{"line":37,"column":84}}],"line":37},"4":{"loc":{"start":{"line":46,"column":8},"end":{"line":53,"column":9}},"type":"if","locations":[{"start":{"line":46,"column":8},"end":{"line":53,"column":9}},{"start":{"line":50,"column":13},"end":{"line":53,"column":9}}],"line":46},"5":{"loc":{"start":{"line":59,"column":12},"end":{"line":63,"column":13}},"type":"if","locations":[{"start":{"line":59,"column":12},"end":{"line":63,"column":13}},{"start":{"line":61,"column":19},"end":{"line":63,"column":13}}],"line":59}},"s":{"0":1,"1":5,"2":5,"3":5,"4":5,"5":5,"6":11,"7":11,"8":11,"9":1,"10":10,"11":5,"12":3,"13":3,"14":3,"15":1,"16":2,"17":5,"18":4,"19":5,"20":2,"21":23,"22":21,"23":2,"24":21,"25":21,"26":20,"27":20,"28":1,"29":1,"30":3,"31":3,"32":3,"33":18,"34":16,"35":2,"36":3},"f":{"0":5,"1":5,"2":11,"3":3,"4":4,"5":2,"6":23,"7":21,"8":3},"b":{"0":[1,10],"1":[1,2],"2":[21,2],"3":[23,11,8,4],"4":[20,1],"5":[16,2]},"_coverageSchema":"1a1c01bbd47fc00a2c39e90264f33305004495a9","hash":"0ebc9ee7c8b39ad45d43cc717dd3e9e86ecc5ad5"}
}
