TN:
SF:Obstacles.js
FN:3,(anonymous_0)
FN:6,(anonymous_1)
FN:16,(anonymous_2)
FN:19,(anonymous_3)
FNF:4
FNH:4
FNDA:8,(anonymous_0)
FNDA:16,(anonymous_1)
FNDA:44,(anonymous_2)
FNDA:44,(anonymous_3)
DA:1,2
DA:4,8
DA:7,16
DA:8,16
DA:9,43
DA:10,3
DA:11,3
DA:14,16
DA:17,44
DA:20,44
DA:21,3
DA:23,41
LF:12
LH:12
BRDA:9,0,0,3
BRDA:9,0,1,40
BRDA:17,1,0,44
BRDA:17,1,1,13
BRDA:20,2,0,3
BRDA:20,2,1,41
BRF:6
BRH:6
end_of_record
TN:
SF:Position.js
FN:2,(anonymous_0)
FN:12,(anonymous_1)
FN:15,(anonymous_2)
FN:16,(anonymous_3)
FN:19,(anonymous_4)
FN:22,(anonymous_5)
FN:25,(anonymous_6)
FN:29,(anonymous_7)
FN:33,(anonymous_8)
FN:37,(anonymous_9)
FN:44,(anonymous_10)
FN:48,(anonymous_11)
FN:52,(anonymous_12)
FNF:13
FNH:13
FNDA:25,(anonymous_0)
FNDA:37,(anonymous_1)
FNDA:25,(anonymous_2)
FNDA:10,(anonymous_3)
FNDA:2,(anonymous_4)
FNDA:10,(anonymous_5)
FNDA:2,(anonymous_6)
FNDA:39,(anonymous_7)
FNDA:5,(anonymous_8)
FNDA:7,(anonymous_9)
FNDA:8,(anonymous_10)
FNDA:16,(anonymous_11)
FNDA:24,(anonymous_12)
DA:1,3
DA:3,25
DA:4,25
DA:5,25
DA:6,25
DA:7,25
DA:8,25
DA:9,25
DA:10,25
DA:13,37
DA:16,25
DA:17,10
DA:19,25
DA:20,2
DA:22,25
DA:23,10
DA:25,25
DA:26,2
DA:30,39
DA:31,39
DA:34,5
DA:35,5
DA:38,7
DA:39,7
DA:40,1
DA:42,7
DA:45,8
DA:46,8
DA:49,16
DA:50,16
DA:53,24
LF:31
LH:31
BRDA:39,0,0,1
BRDA:39,0,1,6
BRF:2
BRH:2
end_of_record
TN:
SF:Rover.js
FN:2,(anonymous_0)
FN:6,(anonymous_1)
FN:15,(anonymous_2)
FN:18,(anonymous_3)
FN:21,(anonymous_4)
FN:24,(anonymous_5)
FN:27,(anonymous_6)
FNF:7
FNH:7
FNDA:12,(anonymous_0)
FNDA:5,(anonymous_1)
FNDA:13,(anonymous_2)
FNDA:5,(anonymous_3)
FNDA:3,(anonymous_4)
FNDA:12,(anonymous_5)
FNDA:4,(anonymous_6)
DA:1,2
DA:3,12
DA:4,12
DA:7,5
DA:8,2
DA:9,2
DA:11,3
DA:12,3
DA:16,13
DA:19,5
DA:22,3
DA:25,12
DA:28,4
LF:13
LH:13
BRDA:7,0,0,2
BRDA:7,0,1,3
BRF:2
BRH:2
end_of_record
TN:
SF:RoverTrip.js
FN:2,(anonymous_0)
FN:9,(anonymous_1)
FN:10,(anonymous_2)
FN:19,(anonymous_3)
FN:28,(anonymous_4)
FN:31,(anonymous_5)
FN:36,(anonymous_6)
FN:44,(anonymous_7)
FN:56,(anonymous_8)
FNF:9
FNH:9
FNDA:5,(anonymous_0)
FNDA:5,(anonymous_1)
FNDA:11,(anonymous_2)
FNDA:3,(anonymous_3)
FNDA:4,(anonymous_4)
FNDA:2,(anonymous_5)
FNDA:23,(anonymous_6)
FNDA:21,(anonymous_7)
FNDA:3,(anonymous_8)
DA:1,1
DA:3,5
DA:4,5
DA:5,5
DA:6,5
DA:10,5
DA:11,11
DA:12,11
DA:13,11
DA:14,1
DA:16,10
DA:19,5
DA:20,3
DA:21,3
DA:22,3
DA:23,1
DA:25,2
DA:28,5
DA:29,4
DA:31,5
DA:32,2
DA:37,23
DA:38,21
DA:40,2
DA:45,21
DA:46,21
DA:47,20
DA:48,20
DA:51,1
DA:52,1
DA:57,3
DA:58,3
DA:59,18
DA:60,16
DA:62,2
DA:65,3
LF:36
LH:36
BRDA:13,0,0,1
BRDA:13,0,1,10
BRDA:22,1,0,1
BRDA:22,1,1,2
BRDA:37,2,0,21
BRDA:37,2,1,2
BRDA:37,3,0,23
BRDA:37,3,1,11
BRDA:37,3,2,8
BRDA:37,3,3,4
BRDA:46,4,0,20
BRDA:46,4,1,1
BRDA:59,5,0,16
BRDA:59,5,1,2
BRF:14
BRH:14
end_of_record
