TN:
SF:Obstacles.js
FN:3,(anonymous_0)
FN:7,(anonymous_1)
FN:18,(anonymous_2)
FN:22,(anonymous_3)
FN:31,(anonymous_4)
FNF:5
FNH:5
FNDA:9,(anonymous_0)
FNDA:415,(anonymous_1)
FNDA:1228,(anonymous_2)
FNDA:1228,(anonymous_3)
FNDA:2,(anonymous_4)
DA:1,3
DA:4,9
DA:8,415
DA:9,415
DA:10,1227
DA:11,10
DA:12,10
DA:15,415
DA:19,1228
DA:23,1228
DA:24,10
DA:26,1218
DA:32,2
DA:33,2
DA:34,2
DA:35,2
DA:42,2
DA:43,6
DA:44,6
DA:45,6
DA:46,6
DA:48,2
LF:22
LH:22
BRDA:10,0,0,10
BRDA:10,0,1,1217
BRDA:19,1,0,1228
BRDA:19,1,1,170
BRDA:23,2,0,10
BRDA:23,2,1,1218
BRF:6
BRH:6
end_of_record
TN:
SF:Position.js
FN:2,(anonymous_0)
FN:12,(anonymous_1)
FN:15,(anonymous_2)
FN:16,(anonymous_3)
FN:19,(anonymous_4)
FN:22,(anonymous_5)
FN:25,(anonymous_6)
FN:29,(anonymous_7)
FN:33,(anonymous_8)
FN:37,(anonymous_9)
FN:44,(anonymous_10)
FN:48,(anonymous_11)
FN:52,(anonymous_12)
FNF:13
FNH:13
FNDA:26,(anonymous_0)
FNDA:43,(anonymous_1)
FNDA:26,(anonymous_2)
FNDA:13,(anonymous_3)
FNDA:3,(anonymous_4)
FNDA:40,(anonymous_5)
FNDA:2,(anonymous_6)
FNDA:74,(anonymous_7)
FNDA:7,(anonymous_8)
FNDA:10,(anonymous_9)
FNDA:8,(anonymous_10)
FNDA:50,(anonymous_11)
FNDA:58,(anonymous_12)
DA:1,4
DA:3,26
DA:4,26
DA:5,26
DA:6,26
DA:7,26
DA:8,26
DA:9,26
DA:10,26
DA:13,43
DA:16,26
DA:17,13
DA:19,26
DA:20,3
DA:22,26
DA:23,40
DA:25,26
DA:26,2
DA:30,74
DA:31,74
DA:34,7
DA:35,7
DA:38,10
DA:39,10
DA:40,2
DA:42,10
DA:45,8
DA:46,8
DA:49,50
DA:50,50
DA:53,58
LF:31
LH:31
BRDA:39,0,0,2
BRDA:39,0,1,8
BRF:2
BRH:2
end_of_record
TN:
SF:Rover.js
FN:2,(anonymous_0)
FN:6,(anonymous_1)
FN:15,(anonymous_2)
FN:18,(anonymous_3)
FN:21,(anonymous_4)
FN:24,(anonymous_5)
FN:27,(anonymous_6)
FNF:7
FNH:7
FNDA:13,(anonymous_0)
FNDA:7,(anonymous_1)
FNDA:47,(anonymous_2)
FNDA:8,(anonymous_3)
FNDA:5,(anonymous_4)
FNDA:46,(anonymous_5)
FNDA:4,(anonymous_6)
DA:1,3
DA:3,13
DA:4,13
DA:7,7
DA:8,4
DA:9,4
DA:11,3
DA:12,3
DA:16,47
DA:19,8
DA:22,5
DA:25,46
DA:28,4
LF:13
LH:13
BRDA:7,0,0,4
BRDA:7,0,1,3
BRF:2
BRH:2
end_of_record
TN:
SF:RoverTrip.js
FN:2,(anonymous_0)
FN:9,(anonymous_1)
FN:10,(anonymous_2)
FN:19,(anonymous_3)
FN:28,(anonymous_4)
FN:31,(anonymous_5)
FN:36,(anonymous_6)
FN:40,(anonymous_7)
FN:52,(anonymous_8)
FNF:9
FNH:9
FNDA:7,(anonymous_0)
FNDA:7,(anonymous_1)
FNDA:45,(anonymous_2)
FNDA:3,(anonymous_3)
FNDA:7,(anonymous_4)
FNDA:4,(anonymous_5)
FNDA:62,(anonymous_6)
FNDA:60,(anonymous_7)
FNDA:5,(anonymous_8)
DA:1,2
DA:3,7
DA:4,7
DA:5,7
DA:6,7
DA:10,7
DA:11,45
DA:12,45
DA:13,45
DA:14,1
DA:16,44
DA:19,7
DA:20,3
DA:21,3
DA:22,3
DA:23,1
DA:25,2
DA:28,7
DA:29,7
DA:31,7
DA:32,4
DA:37,62
DA:41,60
DA:42,60
DA:43,59
DA:44,59
DA:47,1
DA:48,1
DA:53,5
DA:54,5
DA:55,57
DA:56,55
DA:58,2
DA:61,5
LF:34
LH:34
BRDA:13,0,0,1
BRDA:13,0,1,44
BRDA:22,1,0,1
BRDA:22,1,1,2
BRDA:37,2,0,62
BRDA:37,2,1,16
BRDA:37,2,2,13
BRDA:37,2,3,6
BRDA:42,3,0,59
BRDA:42,3,1,1
BRDA:55,4,0,55
BRDA:55,4,1,2
BRF:12
BRH:12
end_of_record
TN:
SF:RoverTripV2.js
FN:17,(anonymous_0)
FN:29,(anonymous_1)
FN:30,(anonymous_2)
FN:33,(anonymous_3)
FN:36,(anonymous_4)
FN:39,(anonymous_5)
FN:43,(anonymous_6)
FN:46,(anonymous_7)
FN:49,(anonymous_8)
FN:52,(anonymous_9)
FN:56,(anonymous_10)
FN:59,(anonymous_11)
FN:62,(anonymous_12)
FN:65,(anonymous_13)
FN:69,(anonymous_14)
FN:72,(anonymous_15)
FN:75,(anonymous_16)
FN:78,(anonymous_17)
FN:82,(anonymous_18)
FN:94,(anonymous_19)
FN:106,(anonymous_20)
FN:118,(anonymous_21)
FN:132,(anonymous_22)
FN:141,(anonymous_23)
FN:148,(anonymous_24)
FN:196,(anonymous_25)
FN:214,(anonymous_26)
FNF:27
FNH:27
FNDA:2,(anonymous_0)
FNDA:2,(anonymous_1)
FNDA:52,(anonymous_2)
FNDA:33,(anonymous_3)
FNDA:10,(anonymous_4)
FNDA:6,(anonymous_5)
FNDA:52,(anonymous_6)
FNDA:33,(anonymous_7)
FNDA:10,(anonymous_8)
FNDA:6,(anonymous_9)
FNDA:52,(anonymous_10)
FNDA:33,(anonymous_11)
FNDA:10,(anonymous_12)
FNDA:6,(anonymous_13)
FNDA:52,(anonymous_14)
FNDA:33,(anonymous_15)
FNDA:10,(anonymous_16)
FNDA:6,(anonymous_17)
FNDA:101,(anonymous_18)
FNDA:101,(anonymous_19)
FNDA:101,(anonymous_20)
FNDA:101,(anonymous_21)
FNDA:2,(anonymous_22)
FNDA:406,(anonymous_23)
FNDA:406,(anonymous_24)
FNDA:2,(anonymous_25)
FNDA:2,(anonymous_26)
DA:16,1
DA:18,2
DA:19,2
DA:20,2
DA:21,2
DA:22,2
DA:23,2
DA:24,2
DA:25,2
DA:26,2
DA:30,2
DA:31,52
DA:33,2
DA:34,33
DA:36,2
DA:37,10
DA:39,2
DA:40,6
DA:43,2
DA:44,52
DA:46,2
DA:47,33
DA:49,2
DA:50,10
DA:52,2
DA:53,6
DA:56,2
DA:57,52
DA:59,2
DA:60,33
DA:62,2
DA:63,10
DA:65,2
DA:66,6
DA:69,2
DA:70,52
DA:72,2
DA:73,33
DA:75,2
DA:76,10
DA:78,2
DA:79,6
DA:82,2
DA:83,101
DA:84,52
DA:85,49
DA:86,33
DA:87,16
DA:88,10
DA:89,6
DA:90,6
DA:94,2
DA:95,101
DA:96,52
DA:97,49
DA:98,33
DA:99,16
DA:100,10
DA:101,6
DA:102,6
DA:106,2
DA:107,101
DA:108,52
DA:109,49
DA:110,33
DA:111,16
DA:112,10
DA:113,6
DA:114,6
DA:118,2
DA:119,101
DA:120,52
DA:121,49
DA:122,33
DA:123,16
DA:124,10
DA:125,6
DA:126,6
DA:133,2
DA:134,2
DA:136,2
DA:137,2
DA:138,2
DA:142,406
DA:151,406
DA:152,267
DA:155,139
DA:156,3
DA:157,3
DA:160,136
DA:161,35
DA:163,101
DA:166,101
DA:167,101
DA:168,101
DA:169,101
DA:173,101
DA:174,101
DA:175,101
DA:176,101
DA:180,101
DA:181,101
DA:182,101
DA:183,101
DA:187,101
DA:188,101
DA:189,101
DA:190,101
DA:197,2
DA:198,0
DA:199,0
DA:202,2
DA:203,2
DA:204,1
DA:205,1
DA:206,0
DA:208,2
DA:209,2
DA:215,2
DA:216,3
DA:218,2
LF:121
LH:118
BRDA:83,0,0,52
BRDA:83,0,1,49
BRDA:85,1,0,33
BRDA:85,1,1,16
BRDA:87,2,0,10
BRDA:87,2,1,6
BRDA:89,3,0,6
BRDA:89,3,1,0
BRDA:95,4,0,52
BRDA:95,4,1,49
BRDA:97,5,0,33
BRDA:97,5,1,16
BRDA:99,6,0,10
BRDA:99,6,1,6
BRDA:101,7,0,6
BRDA:101,7,1,0
BRDA:107,8,0,52
BRDA:107,8,1,49
BRDA:109,9,0,33
BRDA:109,9,1,16
BRDA:111,10,0,10
BRDA:111,10,1,6
BRDA:113,11,0,6
BRDA:113,11,1,0
BRDA:119,12,0,52
BRDA:119,12,1,49
BRDA:121,13,0,33
BRDA:121,13,1,16
BRDA:123,14,0,10
BRDA:123,14,1,6
BRDA:125,15,0,6
BRDA:125,15,1,0
BRDA:142,16,0,406
BRDA:142,16,1,406
BRDA:142,16,2,406
BRDA:142,16,3,371
BRDA:142,16,4,365
BRDA:142,16,5,358
BRDA:151,17,0,267
BRDA:151,17,1,139
BRDA:155,18,0,3
BRDA:155,18,1,136
BRDA:155,19,0,139
BRDA:155,19,1,35
BRDA:160,20,0,35
BRDA:160,20,1,101
BRDA:160,21,0,136
BRDA:160,21,1,105
BRDA:197,22,0,0
BRDA:197,22,1,2
BRDA:205,23,0,0
BRDA:205,23,1,1
BRF:52
BRH:46
end_of_record
